{
  "numFailedTestSuites": 1,
  "numFailedTests": 1,
  "numPassedTestSuites": 0,
  "numPassedTests": 0,
  "numPendingTestSuites": 0,
  "numPendingTests": 0,
  "numRuntimeErrorTestSuites": 0,
  "numTodoTests": 0,
  "numTotalTestSuites": 1,
  "numTotalTests": 1,
  "openHandles": [],
  "snapshot": {
    "added": 0,
    "didUpdate": false,
    "failure": false,
    "filesAdded": 0,
    "filesRemoved": 0,
    "filesRemovedList": [],
    "filesUnmatched": 0,
    "filesUpdated": 0,
    "matched": 0,
    "total": 0,
    "unchecked": 0,
    "uncheckedKeysByFile": [],
    "unmatched": 0,
    "updated": 0
  },
  "startTime": 1762568932690,
  "success": false,
  "testResults": [
    {
      "assertionResults": [
        {
          "ancestorTitles": ["AuthService", "register"],
          "duration": 2,
          "failureDetails": [{}],
          "failureMessages": [
            "TypeError: Cannot read properties of undefined (reading 'user')\n    at Object.<anonymous> (C:\\FidiMyProjects2025\\Software_Projects\\AccuBooks\\AccuBooks\\backend\\src\\__tests__\\auth.test.ts:30:15)\n    at Promise.then.completed (C:\\FidiMyProjects2025\\Software_Projects\\AccuBooks\\AccuBooks\\backend\\node_modules\\jest-circus\\build\\utils.js:298:28)\n    at new Promise (<anonymous>)\n    at callAsyncCircusFn (C:\\FidiMyProjects2025\\Software_Projects\\AccuBooks\\AccuBooks\\backend\\node_modules\\jest-circus\\build\\utils.js:231:10)\n    at _callCircusTest (C:\\FidiMyProjects2025\\Software_Projects\\AccuBooks\\AccuBooks\\backend\\node_modules\\jest-circus\\build\\run.js:316:40)\n    at processTicksAndRejections (node:internal/process/task_queues:95:5)\n    at _runTest (C:\\FidiMyProjects2025\\Software_Projects\\AccuBooks\\AccuBooks\\backend\\node_modules\\jest-circus\\build\\run.js:252:3)\n    at _runTestsForDescribeBlock (C:\\FidiMyProjects2025\\Software_Projects\\AccuBooks\\AccuBooks\\backend\\node_modules\\jest-circus\\build\\run.js:126:9)\n    at _runTestsForDescribeBlock (C:\\FidiMyProjects2025\\Software_Projects\\AccuBooks\\AccuBooks\\backend\\node_modules\\jest-circus\\build\\run.js:121:9)\n    at _runTestsForDescribeBlock (C:\\FidiMyProjects2025\\Software_Projects\\AccuBooks\\AccuBooks\\backend\\node_modules\\jest-circus\\build\\run.js:121:9)\n    at run (C:\\FidiMyProjects2025\\Software_Projects\\AccuBooks\\AccuBooks\\backend\\node_modules\\jest-circus\\build\\run.js:71:3)\n    at runAndTransformResultsToJestFormat (C:\\FidiMyProjects2025\\Software_Projects\\AccuBooks\\AccuBooks\\backend\\node_modules\\jest-circus\\build\\legacy-code-todo-rewrite\\jestAdapterInit.js:122:21)\n    at jestAdapter (C:\\FidiMyProjects2025\\Software_Projects\\AccuBooks\\AccuBooks\\backend\\node_modules\\jest-circus\\build\\legacy-code-todo-rewrite\\jestAdapter.js:79:19)\n    at runTestInternal (C:\\FidiMyProjects2025\\Software_Projects\\AccuBooks\\AccuBooks\\backend\\node_modules\\jest-runner\\build\\runTest.js:367:16)\n    at runTest (C:\\FidiMyProjects2025\\Software_Projects\\AccuBooks\\AccuBooks\\backend\\node_modules\\jest-runner\\build\\runTest.js:444:34)"
          ],
          "fullName": "AuthService register should register a new user successfully",
          "invocations": 1,
          "location": null,
          "numPassingAsserts": 0,
          "retryReasons": [],
          "status": "failed",
          "title": "should register a new user successfully"
        }
      ],
      "endTime": 1762568933624,
      "message": "\u001b[1m\u001b[31m  \u001b[1m● \u001b[22m\u001b[1mAuthService › register › should register a new user successfully\u001b[39m\u001b[22m\n\n    TypeError: Cannot read properties of undefined (reading 'user')\n\u001b[2m\u001b[22m\n\u001b[2m    \u001b[0m \u001b[90m 28 |\u001b[39m\u001b[22m\n\u001b[2m     \u001b[90m 29 |\u001b[39m       \u001b[90m// Mock the Prisma client methods\u001b[39m\u001b[22m\n\u001b[2m    \u001b[31m\u001b[1m>\u001b[22m\u001b[2m\u001b[39m\u001b[90m 30 |\u001b[39m       (prisma\u001b[33m.\u001b[39muser\u001b[33m.\u001b[39mfindUnique \u001b[36mas\u001b[39m jest\u001b[33m.\u001b[39m\u001b[33mMock\u001b[39m)\u001b[33m.\u001b[39mmockResolvedValueOnce(\u001b[36mnull\u001b[39m)\u001b[33m;\u001b[39m\u001b[22m\n\u001b[2m     \u001b[90m    |\u001b[39m               \u001b[31m\u001b[1m^\u001b[22m\u001b[2m\u001b[39m\u001b[22m\n\u001b[2m     \u001b[90m 31 |\u001b[39m       (prisma\u001b[33m.\u001b[39muser\u001b[33m.\u001b[39mcreate \u001b[36mas\u001b[39m jest\u001b[33m.\u001b[39m\u001b[33mMock\u001b[39m)\u001b[33m.\u001b[39mmockResolvedValueOnce({\u001b[22m\n\u001b[2m     \u001b[90m 32 |\u001b[39m         id\u001b[33m:\u001b[39m \u001b[32m'1'\u001b[39m\u001b[33m,\u001b[39m\u001b[22m\n\u001b[2m     \u001b[90m 33 |\u001b[39m         email\u001b[33m:\u001b[39m userData\u001b[33m.\u001b[39memail\u001b[33m,\u001b[39m\u001b[0m\u001b[22m\n\u001b[2m\u001b[22m\n\u001b[2m      \u001b[2mat Object.<anonymous> (\u001b[22m\u001b[2m\u001b[0m\u001b[36msrc/__tests__/auth.test.ts\u001b[39m\u001b[0m\u001b[2m:30:15)\u001b[22m\u001b[2m\u001b[22m\n",
      "name": "C:\\FidiMyProjects2025\\Software_Projects\\AccuBooks\\AccuBooks\\backend\\src\\__tests__\\auth.test.ts",
      "startTime": 1762568932929,
      "status": "failed",
      "summary": ""
    }
  ],
  "wasInterrupted": false,
  "coverageMap": {
    "C:\\FidiMyProjects2025\\Software_Projects\\AccuBooks\\AccuBooks\\backend\\src\\services\\auth.service.ts": {
      "path": "C:\\FidiMyProjects2025\\Software_Projects\\AccuBooks\\AccuBooks\\backend\\src\\services\\auth.service.ts",
      "statementMap": {
        "0": {
          "start": { "line": 1, "column": 0 },
          "end": { "line": 1, "column": 30 }
        },
        "1": {
          "start": { "line": 2, "column": 0 },
          "end": { "line": 2, "column": 31 }
        },
        "2": {
          "start": { "line": 3, "column": 0 },
          "end": { "line": 3, "column": 41 }
        },
        "3": {
          "start": { "line": 4, "column": 0 },
          "end": { "line": 4, "column": 43 }
        },
        "4": {
          "start": { "line": 9, "column": 25 },
          "end": { "line": 11, "column": 6 }
        },
        "5": {
          "start": { "line": 13, "column": 4 },
          "end": { "line": 15, "column": 5 }
        },
        "6": {
          "start": { "line": 14, "column": 6 },
          "end": { "line": 14, "column": 53 }
        },
        "7": {
          "start": { "line": 18, "column": 27 },
          "end": { "line": 18, "column": 67 }
        },
        "8": {
          "start": { "line": 21, "column": 17 },
          "end": { "line": 27, "column": 6 }
        },
        "9": {
          "start": { "line": 30, "column": 49 },
          "end": { "line": 30, "column": 53 }
        },
        "10": {
          "start": { "line": 31, "column": 4 },
          "end": { "line": 31, "column": 31 }
        },
        "11": {
          "start": { "line": 36, "column": 17 },
          "end": { "line": 38, "column": 6 }
        },
        "12": {
          "start": { "line": 41, "column": 4 },
          "end": { "line": 43, "column": 5 }
        },
        "13": {
          "start": { "line": 42, "column": 6 },
          "end": { "line": 42, "column": 53 }
        },
        "14": {
          "start": { "line": 46, "column": 18 },
          "end": { "line": 49, "column": null }
        },
        "15": {
          "start": { "line": 53, "column": 49 },
          "end": { "line": 53, "column": 53 }
        },
        "16": {
          "start": { "line": 55, "column": 4 },
          "end": { "line": 58, "column": 6 }
        },
        "17": {
          "start": { "line": 62, "column": 17 },
          "end": { "line": 72, "column": 6 }
        },
        "18": {
          "start": { "line": 74, "column": 4 },
          "end": { "line": 76, "column": 5 }
        },
        "19": {
          "start": { "line": 75, "column": 6 },
          "end": { "line": 75, "column": 48 }
        },
        "20": {
          "start": { "line": 78, "column": 4 },
          "end": { "line": 78, "column": 16 }
        },
        "21": {
          "start": { "line": 6, "column": 0 },
          "end": { "line": 6, "column": 13 }
        }
      },
      "fnMap": {
        "0": {
          "name": "(anonymous_1)",
          "decl": {
            "start": { "line": 7, "column": 2 },
            "end": { "line": 7, "column": 7 }
          },
          "loc": {
            "start": { "line": 7, "column": 76 },
            "end": { "line": 32, "column": 3 }
          }
        },
        "1": {
          "name": "(anonymous_2)",
          "decl": {
            "start": { "line": 34, "column": 2 },
            "end": { "line": 34, "column": 7 }
          },
          "loc": {
            "start": { "line": 34, "column": 62 },
            "end": { "line": 59, "column": 3 }
          }
        },
        "2": {
          "name": "(anonymous_3)",
          "decl": {
            "start": { "line": 61, "column": 2 },
            "end": { "line": 61, "column": 7 }
          },
          "loc": {
            "start": { "line": 61, "column": 37 },
            "end": { "line": 79, "column": 3 }
          }
        }
      },
      "branchMap": {
        "0": {
          "loc": {
            "start": { "line": 13, "column": 4 },
            "end": { "line": 15, "column": 5 }
          },
          "type": "if",
          "locations": [
            {
              "start": { "line": 13, "column": 4 },
              "end": { "line": 15, "column": 5 }
            }
          ]
        },
        "1": {
          "loc": {
            "start": { "line": 41, "column": 4 },
            "end": { "line": 43, "column": 5 }
          },
          "type": "if",
          "locations": [
            {
              "start": { "line": 41, "column": 4 },
              "end": { "line": 43, "column": 5 }
            }
          ]
        },
        "2": {
          "loc": {
            "start": { "line": 41, "column": 8 },
            "end": { "line": 41, "column": 77 }
          },
          "type": "binary-expr",
          "locations": [
            {
              "start": { "line": 41, "column": 8 },
              "end": { "line": 41, "column": 13 }
            },
            {
              "start": { "line": 41, "column": 17 },
              "end": { "line": 41, "column": 77 }
            }
          ]
        },
        "3": {
          "loc": {
            "start": { "line": 48, "column": 6 },
            "end": { "line": 48, "column": 49 }
          },
          "type": "binary-expr",
          "locations": [
            {
              "start": { "line": 48, "column": 6 },
              "end": { "line": 48, "column": 28 }
            },
            {
              "start": { "line": 48, "column": 32 },
              "end": { "line": 48, "column": 49 }
            }
          ]
        },
        "4": {
          "loc": {
            "start": { "line": 74, "column": 4 },
            "end": { "line": 76, "column": 5 }
          },
          "type": "if",
          "locations": [
            {
              "start": { "line": 74, "column": 4 },
              "end": { "line": 76, "column": 5 }
            }
          ]
        }
      },
      "s": {
        "0": 1,
        "1": 1,
        "2": 1,
        "3": 1,
        "4": 0,
        "5": 0,
        "6": 0,
        "7": 0,
        "8": 0,
        "9": 0,
        "10": 0,
        "11": 0,
        "12": 0,
        "13": 0,
        "14": 0,
        "15": 0,
        "16": 0,
        "17": 0,
        "18": 0,
        "19": 0,
        "20": 0,
        "21": 1
      },
      "f": { "0": 0, "1": 0, "2": 0 },
      "b": { "0": [0], "1": [0], "2": [0, 0], "3": [0, 0], "4": [0] }
    },
    "C:\\FidiMyProjects2025\\Software_Projects\\AccuBooks\\AccuBooks\\backend\\src\\utils\\prisma.ts": {
      "path": "C:\\FidiMyProjects2025\\Software_Projects\\AccuBooks\\AccuBooks\\backend\\src\\utils\\prisma.ts",
      "statementMap": {
        "0": {
          "start": { "line": 1, "column": 0 },
          "end": { "line": 1, "column": 46 }
        },
        "1": {
          "start": { "line": 8, "column": 15 },
          "end": { "line": 10, "column": 2 }
        },
        "2": {
          "start": { "line": 16, "column": 9 },
          "end": { "line": 16, "column": 15 }
        },
        "3": {
          "start": { "line": 12, "column": 0 },
          "end": { "line": 14, "column": 1 }
        },
        "4": {
          "start": { "line": 13, "column": 2 },
          "end": { "line": 13, "column": 25 }
        }
      },
      "fnMap": {},
      "branchMap": {
        "0": {
          "loc": {
            "start": { "line": 8, "column": 15 },
            "end": { "line": 10, "column": 2 }
          },
          "type": "binary-expr",
          "locations": [
            {
              "start": { "line": 8, "column": 15 },
              "end": { "line": 8, "column": 28 }
            },
            {
              "start": { "line": 8, "column": 32 },
              "end": { "line": 10, "column": 2 }
            }
          ]
        },
        "1": {
          "loc": {
            "start": { "line": 9, "column": 7 },
            "end": { "line": 9, "column": 86 }
          },
          "type": "cond-expr",
          "locations": [
            {
              "start": { "line": 9, "column": 48 },
              "end": { "line": 9, "column": 74 }
            },
            {
              "start": { "line": 9, "column": 77 },
              "end": { "line": 9, "column": 86 }
            }
          ]
        },
        "2": {
          "loc": {
            "start": { "line": 12, "column": 0 },
            "end": { "line": 14, "column": 1 }
          },
          "type": "if",
          "locations": [
            {
              "start": { "line": 12, "column": 0 },
              "end": { "line": 14, "column": 1 }
            }
          ]
        }
      },
      "s": { "0": 1, "1": 1, "2": 1, "3": 1, "4": 1 },
      "f": {},
      "b": { "0": [1, 1], "1": [0, 1], "2": [1] }
    },
    "C:\\FidiMyProjects2025\\Software_Projects\\AccuBooks\\AccuBooks\\backend\\src\\utils\\errors.ts": {
      "path": "C:\\FidiMyProjects2025\\Software_Projects\\AccuBooks\\AccuBooks\\backend\\src\\utils\\errors.ts",
      "statementMap": {
        "0": {
          "start": { "line": 6, "column": 4 },
          "end": { "line": 6, "column": 19 }
        },
        "1": {
          "start": { "line": 7, "column": 4 },
          "end": { "line": 7, "column": 33 }
        },
        "2": {
          "start": { "line": 8, "column": 4 },
          "end": { "line": 8, "column": 39 }
        },
        "3": {
          "start": { "line": 9, "column": 4 },
          "end": { "line": 9, "column": 52 }
        },
        "4": {
          "start": { "line": 1, "column": 0 },
          "end": { "line": 1, "column": 13 }
        },
        "5": {
          "start": { "line": 13, "column": 28 },
          "end": { "line": 42, "column": 1 }
        },
        "6": {
          "start": { "line": 14, "column": 2 },
          "end": { "line": 14, "column": 41 }
        },
        "7": {
          "start": { "line": 15, "column": 2 },
          "end": { "line": 15, "column": 37 }
        },
        "8": {
          "start": { "line": 17, "column": 2 },
          "end": { "line": 41, "column": 3 }
        },
        "9": {
          "start": { "line": 18, "column": 4 },
          "end": { "line": 23, "column": 7 }
        },
        "10": {
          "start": { "line": 26, "column": 4 },
          "end": { "line": 40, "column": 5 }
        },
        "11": {
          "start": { "line": 27, "column": 6 },
          "end": { "line": 30, "column": 9 }
        },
        "12": {
          "start": { "line": 33, "column": 6 },
          "end": { "line": 33, "column": 37 }
        },
        "13": {
          "start": { "line": 36, "column": 6 },
          "end": { "line": 39, "column": 9 }
        },
        "14": {
          "start": { "line": 13, "column": 13 },
          "end": { "line": 13, "column": 28 }
        }
      },
      "fnMap": {
        "0": {
          "name": "(anonymous_0)",
          "decl": {
            "start": { "line": 5, "column": 2 },
            "end": { "line": 5, "column": 14 }
          },
          "loc": {
            "start": { "line": 5, "column": 71 },
            "end": { "line": 10, "column": 3 }
          }
        },
        "1": {
          "name": "(anonymous_1)",
          "decl": {
            "start": { "line": 13, "column": 28 },
            "end": { "line": 13, "column": 29 }
          },
          "loc": {
            "start": { "line": 13, "column": 72 },
            "end": { "line": 42, "column": 1 }
          }
        }
      },
      "branchMap": {
        "0": {
          "loc": {
            "start": { "line": 5, "column": 51 },
            "end": { "line": 5, "column": 71 }
          },
          "type": "default-arg",
          "locations": [
            {
              "start": { "line": 5, "column": 67 },
              "end": { "line": 5, "column": 71 }
            }
          ]
        },
        "1": {
          "loc": {
            "start": { "line": 14, "column": 19 },
            "end": { "line": 14, "column": 40 }
          },
          "type": "binary-expr",
          "locations": [
            {
              "start": { "line": 14, "column": 19 },
              "end": { "line": 14, "column": 33 }
            },
            {
              "start": { "line": 14, "column": 37 },
              "end": { "line": 14, "column": 40 }
            }
          ]
        },
        "2": {
          "loc": {
            "start": { "line": 15, "column": 15 },
            "end": { "line": 15, "column": 36 }
          },
          "type": "binary-expr",
          "locations": [
            {
              "start": { "line": 15, "column": 15 },
              "end": { "line": 15, "column": 25 }
            },
            {
              "start": { "line": 15, "column": 29 },
              "end": { "line": 15, "column": 36 }
            }
          ]
        },
        "3": {
          "loc": {
            "start": { "line": 17, "column": 2 },
            "end": { "line": 41, "column": 3 }
          },
          "type": "if",
          "locations": [
            {
              "start": { "line": 17, "column": 2 },
              "end": { "line": 41, "column": 3 }
            },
            {
              "start": { "line": 24, "column": 9 },
              "end": { "line": 41, "column": 3 }
            }
          ]
        },
        "4": {
          "loc": {
            "start": { "line": 26, "column": 4 },
            "end": { "line": 40, "column": 5 }
          },
          "type": "if",
          "locations": [
            {
              "start": { "line": 26, "column": 4 },
              "end": { "line": 40, "column": 5 }
            },
            {
              "start": { "line": 31, "column": 11 },
              "end": { "line": 40, "column": 5 }
            }
          ]
        }
      },
      "s": {
        "0": 0,
        "1": 0,
        "2": 0,
        "3": 0,
        "4": 1,
        "5": 1,
        "6": 0,
        "7": 0,
        "8": 0,
        "9": 0,
        "10": 0,
        "11": 0,
        "12": 0,
        "13": 0,
        "14": 1
      },
      "f": { "0": 0, "1": 0 },
      "b": { "0": [0], "1": [0, 0], "2": [0, 0], "3": [0, 0], "4": [0, 0] }
    },
    "C:\\FidiMyProjects2025\\Software_Projects\\AccuBooks\\AccuBooks\\backend\\src\\constants\\roles.ts": {
      "path": "C:\\FidiMyProjects2025\\Software_Projects\\AccuBooks\\AccuBooks\\backend\\src\\constants\\roles.ts",
      "statementMap": {
        "0": {
          "start": { "line": 1, "column": 21 },
          "end": { "line": 6, "column": 11 }
        },
        "1": {
          "start": { "line": 10, "column": 55 },
          "end": { "line": 15, "column": 11 }
        }
      },
      "fnMap": {},
      "branchMap": {},
      "s": { "0": 0, "1": 0 },
      "f": {},
      "b": {}
    },
    "C:\\FidiMyProjects2025\\Software_Projects\\AccuBooks\\AccuBooks\\backend\\src\\config\\config.ts": {
      "path": "C:\\FidiMyProjects2025\\Software_Projects\\AccuBooks\\AccuBooks\\backend\\src\\config\\config.ts",
      "statementMap": {
        "0": {
          "start": { "line": 5, "column": 0 },
          "end": { "line": 5, "column": 61 }
        },
        "1": {
          "start": { "line": 7, "column": 19 },
          "end": { "line": 7, "column": 56 }
        },
        "2": {
          "start": { "line": 8, "column": 21 },
          "end": { "line": 8, "column": 41 }
        },
        "3": {
          "start": { "line": 11, "column": 22 },
          "end": { "line": 60, "column": 11 }
        }
      },
      "fnMap": {},
      "branchMap": {
        "0": {
          "loc": {
            "start": { "line": 7, "column": 19 },
            "end": { "line": 7, "column": 56 }
          },
          "type": "binary-expr",
          "locations": [
            {
              "start": { "line": 7, "column": 19 },
              "end": { "line": 7, "column": 39 }
            },
            {
              "start": { "line": 7, "column": 43 },
              "end": { "line": 7, "column": 56 }
            }
          ]
        },
        "1": {
          "loc": {
            "start": { "line": 14, "column": 17 },
            "end": { "line": 14, "column": 43 }
          },
          "type": "binary-expr",
          "locations": [
            {
              "start": { "line": 14, "column": 17 },
              "end": { "line": 14, "column": 33 }
            },
            {
              "start": { "line": 14, "column": 37 },
              "end": { "line": 14, "column": 43 }
            }
          ]
        },
        "2": {
          "loc": {
            "start": { "line": 15, "column": 8 },
            "end": { "line": 15, "column": 37 }
          },
          "type": "binary-expr",
          "locations": [
            {
              "start": { "line": 15, "column": 8 },
              "end": { "line": 15, "column": 24 }
            },
            {
              "start": { "line": 15, "column": 28 },
              "end": { "line": 15, "column": 37 }
            }
          ]
        },
        "3": {
          "loc": {
            "start": { "line": 19, "column": 12 },
            "end": { "line": 19, "column": 58 }
          },
          "type": "binary-expr",
          "locations": [
            {
              "start": { "line": 19, "column": 12 },
              "end": { "line": 19, "column": 34 }
            },
            {
              "start": { "line": 19, "column": 38 },
              "end": { "line": 19, "column": 58 }
            }
          ]
        },
        "4": {
          "loc": {
            "start": { "line": 20, "column": 15 },
            "end": { "line": 20, "column": 49 }
          },
          "type": "binary-expr",
          "locations": [
            {
              "start": { "line": 20, "column": 15 },
              "end": { "line": 20, "column": 41 }
            },
            {
              "start": { "line": 20, "column": 45 },
              "end": { "line": 20, "column": 49 }
            }
          ]
        },
        "5": {
          "loc": {
            "start": { "line": 21, "column": 19 },
            "end": { "line": 21, "column": 77 }
          },
          "type": "binary-expr",
          "locations": [
            {
              "start": { "line": 21, "column": 19 },
              "end": { "line": 21, "column": 49 }
            },
            {
              "start": { "line": 21, "column": 53 },
              "end": { "line": 21, "column": 77 }
            }
          ]
        },
        "6": {
          "loc": {
            "start": { "line": 22, "column": 22 },
            "end": { "line": 22, "column": 64 }
          },
          "type": "binary-expr",
          "locations": [
            {
              "start": { "line": 22, "column": 22 },
              "end": { "line": 22, "column": 56 }
            },
            {
              "start": { "line": 22, "column": 60 },
              "end": { "line": 22, "column": 64 }
            }
          ]
        },
        "7": {
          "loc": {
            "start": { "line": 27, "column": 9 },
            "end": { "line": 27, "column": 108 }
          },
          "type": "binary-expr",
          "locations": [
            {
              "start": { "line": 27, "column": 9 },
              "end": { "line": 27, "column": 33 }
            },
            {
              "start": { "line": 27, "column": 37 },
              "end": { "line": 27, "column": 108 }
            }
          ]
        },
        "8": {
          "loc": {
            "start": { "line": 32, "column": 12 },
            "end": { "line": 32, "column": 66 }
          },
          "type": "binary-expr",
          "locations": [
            {
              "start": { "line": 32, "column": 12 },
              "end": { "line": 32, "column": 38 }
            },
            {
              "start": { "line": 32, "column": 42 },
              "end": { "line": 32, "column": 66 }
            }
          ]
        },
        "9": {
          "loc": {
            "start": { "line": 33, "column": 27 },
            "end": { "line": 33, "column": 75 }
          },
          "type": "binary-expr",
          "locations": [
            {
              "start": { "line": 33, "column": 27 },
              "end": { "line": 33, "column": 61 }
            },
            {
              "start": { "line": 33, "column": 65 },
              "end": { "line": 33, "column": 75 }
            }
          ]
        },
        "10": {
          "loc": {
            "start": { "line": 39, "column": 14 },
            "end": { "line": 39, "column": 44 }
          },
          "type": "binary-expr",
          "locations": [
            {
              "start": { "line": 39, "column": 14 },
              "end": { "line": 39, "column": 37 }
            },
            {
              "start": { "line": 39, "column": 41 },
              "end": { "line": 39, "column": 44 }
            }
          ]
        },
        "11": {
          "loc": {
            "start": { "line": 51, "column": 11 },
            "end": { "line": 51, "column": 43 }
          },
          "type": "binary-expr",
          "locations": [
            {
              "start": { "line": 51, "column": 11 },
              "end": { "line": 51, "column": 32 }
            },
            {
              "start": { "line": 51, "column": 36 },
              "end": { "line": 51, "column": 43 }
            }
          ]
        },
        "12": {
          "loc": {
            "start": { "line": 52, "column": 10 },
            "end": { "line": 52, "column": 53 }
          },
          "type": "binary-expr",
          "locations": [
            {
              "start": { "line": 52, "column": 10 },
              "end": { "line": 52, "column": 30 }
            },
            {
              "start": { "line": 52, "column": 34 },
              "end": { "line": 52, "column": 53 }
            }
          ]
        },
        "13": {
          "loc": {
            "start": { "line": 57, "column": 11 },
            "end": { "line": 57, "column": 57 }
          },
          "type": "binary-expr",
          "locations": [
            {
              "start": { "line": 57, "column": 11 },
              "end": { "line": 57, "column": 34 }
            },
            {
              "start": { "line": 57, "column": 38 },
              "end": { "line": 57, "column": 57 }
            }
          ]
        },
        "14": {
          "loc": {
            "start": { "line": 58, "column": 14 },
            "end": { "line": 58, "column": 54 }
          },
          "type": "binary-expr",
          "locations": [
            {
              "start": { "line": 58, "column": 14 },
              "end": { "line": 58, "column": 40 }
            },
            {
              "start": { "line": 58, "column": 44 },
              "end": { "line": 58, "column": 54 }
            }
          ]
        }
      },
      "s": { "0": 0, "1": 0, "2": 0, "3": 0 },
      "f": {},
      "b": {
        "0": [0, 0],
        "1": [0, 0],
        "2": [0, 0],
        "3": [0, 0],
        "4": [0, 0],
        "5": [0, 0],
        "6": [0, 0],
        "7": [0, 0],
        "8": [0, 0],
        "9": [0, 0],
        "10": [0, 0],
        "11": [0, 0],
        "12": [0, 0],
        "13": [0, 0],
        "14": [0, 0]
      }
    },
    "C:\\FidiMyProjects2025\\Software_Projects\\AccuBooks\\AccuBooks\\backend\\src\\app.ts": {
      "path": "C:\\FidiMyProjects2025\\Software_Projects\\AccuBooks\\AccuBooks\\backend\\src\\app.ts",
      "statementMap": {
        "0": {
          "start": { "line": 16, "column": 12 },
          "end": { "line": 16, "column": 21 }
        },
        "1": {
          "start": { "line": 21, "column": 0 },
          "end": { "line": 21, "column": 18 }
        },
        "2": {
          "start": { "line": 24, "column": 0 },
          "end": { "line": 27, "column": 1 }
        },
        "3": {
          "start": { "line": 25, "column": 17 },
          "end": { "line": 25, "column": 39 }
        },
        "4": {
          "start": { "line": 26, "column": 2 },
          "end": { "line": 26, "column": 33 }
        },
        "5": {
          "start": { "line": 30, "column": 16 },
          "end": { "line": 34, "column": 2 }
        },
        "6": {
          "start": { "line": 35, "column": 0 },
          "end": { "line": 35, "column": 25 }
        },
        "7": {
          "start": { "line": 38, "column": 0 },
          "end": { "line": 38, "column": 41 }
        },
        "8": {
          "start": { "line": 39, "column": 0 },
          "end": { "line": 39, "column": 63 }
        },
        "9": {
          "start": { "line": 40, "column": 0 },
          "end": { "line": 40, "column": 24 }
        },
        "10": {
          "start": { "line": 43, "column": 0 },
          "end": { "line": 43, "column": 25 }
        },
        "11": {
          "start": { "line": 46, "column": 0 },
          "end": { "line": 46, "column": 15 }
        },
        "12": {
          "start": { "line": 49, "column": 0 },
          "end": { "line": 60, "column": 2 }
        },
        "13": {
          "start": { "line": 63, "column": 0 },
          "end": { "line": 66, "column": 4 }
        },
        "14": {
          "start": { "line": 69, "column": 0 },
          "end": { "line": 69, "column": 23 }
        },
        "15": {
          "start": { "line": 72, "column": 0 },
          "end": { "line": 72, "column": 36 }
        },
        "16": {
          "start": { "line": 73, "column": 0 },
          "end": { "line": 73, "column": 41 }
        },
        "17": {
          "start": { "line": 74, "column": 0 },
          "end": { "line": 74, "column": 37 }
        },
        "18": {
          "start": { "line": 77, "column": 0 },
          "end": { "line": 79, "column": 3 }
        },
        "19": {
          "start": { "line": 78, "column": 2 },
          "end": { "line": 78, "column": 75 }
        },
        "20": {
          "start": { "line": 81, "column": 0 },
          "end": { "line": 81, "column": 28 }
        }
      },
      "fnMap": {
        "0": {
          "name": "(anonymous_0)",
          "decl": {
            "start": { "line": 77, "column": 13 },
            "end": { "line": 77, "column": 14 }
          },
          "loc": {
            "start": { "line": 77, "column": 65 },
            "end": { "line": 79, "column": 1 }
          }
        }
      },
      "branchMap": {
        "0": {
          "loc": {
            "start": { "line": 24, "column": 0 },
            "end": { "line": 27, "column": 1 }
          },
          "type": "if",
          "locations": [
            {
              "start": { "line": 24, "column": 0 },
              "end": { "line": 27, "column": 1 }
            }
          ]
        }
      },
      "s": {
        "0": 0,
        "1": 0,
        "2": 0,
        "3": 0,
        "4": 0,
        "5": 0,
        "6": 0,
        "7": 0,
        "8": 0,
        "9": 0,
        "10": 0,
        "11": 0,
        "12": 0,
        "13": 0,
        "14": 0,
        "15": 0,
        "16": 0,
        "17": 0,
        "18": 0,
        "19": 0,
        "20": 0
      },
      "f": { "0": 0 },
      "b": { "0": [0] }
    },
    "C:\\FidiMyProjects2025\\Software_Projects\\AccuBooks\\AccuBooks\\backend\\src\\db\\create-migration.ts": {
      "path": "C:\\FidiMyProjects2025\\Software_Projects\\AccuBooks\\AccuBooks\\backend\\src\\db\\create-migration.ts",
      "statementMap": {
        "0": {
          "start": { "line": 7, "column": 19 },
          "end": { "line": 7, "column": 49 }
        },
        "1": {
          "start": { "line": 8, "column": 18 },
          "end": { "line": 8, "column": 42 }
        },
        "2": {
          "start": { "line": 11, "column": 2 },
          "end": { "line": 14, "column": 3 }
        },
        "3": {
          "start": { "line": 12, "column": 4 },
          "end": { "line": 12, "column": 53 }
        },
        "4": {
          "start": { "line": 13, "column": 4 },
          "end": { "line": 13, "column": 20 }
        },
        "5": {
          "start": { "line": 16, "column": 24 },
          "end": { "line": 16, "column": 58 }
        },
        "6": {
          "start": { "line": 17, "column": 20 },
          "end": { "line": 17, "column": 80 }
        },
        "7": {
          "start": { "line": 18, "column": 24 },
          "end": { "line": 18, "column": 77 }
        },
        "8": {
          "start": { "line": 19, "column": 24 },
          "end": { "line": 19, "column": 71 }
        },
        "9": {
          "start": { "line": 21, "column": 19 },
          "end": { "line": 33, "column": 2 }
        },
        "10": {
          "start": { "line": 35, "column": 2 },
          "end": { "line": 42, "column": 3 }
        },
        "11": {
          "start": { "line": 36, "column": 4 },
          "end": { "line": 36, "column": 55 }
        },
        "12": {
          "start": { "line": 37, "column": 4 },
          "end": { "line": 37, "column": 48 }
        },
        "13": {
          "start": { "line": 38, "column": 4 },
          "end": { "line": 38, "column": 57 }
        },
        "14": {
          "start": { "line": 40, "column": 4 },
          "end": { "line": 40, "column": 56 }
        },
        "15": {
          "start": { "line": 41, "column": 4 },
          "end": { "line": 41, "column": 20 }
        },
        "16": {
          "start": { "line": 45, "column": 22 },
          "end": { "line": 45, "column": 34 }
        },
        "17": {
          "start": { "line": 46, "column": 13 },
          "end": { "line": 46, "column": 20 }
        },
        "18": {
          "start": { "line": 48, "column": 0 },
          "end": { "line": 53, "column": 1 }
        },
        "19": {
          "start": { "line": 49, "column": 2 },
          "end": { "line": 49, "column": 45 }
        },
        "20": {
          "start": { "line": 51, "column": 2 },
          "end": { "line": 51, "column": 51 }
        },
        "21": {
          "start": { "line": 52, "column": 2 },
          "end": { "line": 52, "column": 18 }
        }
      },
      "fnMap": {
        "0": {
          "name": "createMigration",
          "decl": {
            "start": { "line": 10, "column": 15 },
            "end": { "line": 10, "column": 30 }
          },
          "loc": {
            "start": { "line": 10, "column": 43 },
            "end": { "line": 43, "column": 1 }
          }
        }
      },
      "branchMap": {
        "0": {
          "loc": {
            "start": { "line": 11, "column": 2 },
            "end": { "line": 14, "column": 3 }
          },
          "type": "if",
          "locations": [
            {
              "start": { "line": 11, "column": 2 },
              "end": { "line": 14, "column": 3 }
            }
          ]
        },
        "1": {
          "loc": {
            "start": { "line": 48, "column": 0 },
            "end": { "line": 53, "column": 1 }
          },
          "type": "if",
          "locations": [
            {
              "start": { "line": 48, "column": 0 },
              "end": { "line": 53, "column": 1 }
            },
            {
              "start": { "line": 50, "column": 7 },
              "end": { "line": 53, "column": 1 }
            }
          ]
        }
      },
      "s": {
        "0": 0,
        "1": 0,
        "2": 0,
        "3": 0,
        "4": 0,
        "5": 0,
        "6": 0,
        "7": 0,
        "8": 0,
        "9": 0,
        "10": 0,
        "11": 0,
        "12": 0,
        "13": 0,
        "14": 0,
        "15": 0,
        "16": 0,
        "17": 0,
        "18": 0,
        "19": 0,
        "20": 0,
        "21": 0
      },
      "f": { "0": 0 },
      "b": { "0": [0], "1": [0, 0] }
    },
    "C:\\FidiMyProjects2025\\Software_Projects\\AccuBooks\\AccuBooks\\backend\\src\\controllers\\auth.controller.ts": {
      "path": "C:\\FidiMyProjects2025\\Software_Projects\\AccuBooks\\AccuBooks\\backend\\src\\controllers\\auth.controller.ts",
      "statementMap": {
        "0": {
          "start": { "line": 9, "column": 15 },
          "end": { "line": 9, "column": 33 }
        },
        "1": {
          "start": { "line": 30, "column": 22 },
          "end": { "line": 36, "column": 1 }
        },
        "2": {
          "start": { "line": 31, "column": 2 },
          "end": { "line": 35, "column": 4 }
        },
        "3": {
          "start": { "line": 43, "column": 21 },
          "end": { "line": 93, "column": 1 }
        },
        "4": {
          "start": { "line": 44, "column": 2 },
          "end": { "line": 92, "column": 3 }
        },
        "5": {
          "start": { "line": 45, "column": 32 },
          "end": { "line": 45, "column": 40 }
        },
        "6": {
          "start": { "line": 48, "column": 4 },
          "end": { "line": 53, "column": 5 }
        },
        "7": {
          "start": { "line": 49, "column": 6 },
          "end": { "line": 52, "column": 9 }
        },
        "8": {
          "start": { "line": 56, "column": 17 },
          "end": { "line": 58, "column": 6 }
        },
        "9": {
          "start": { "line": 60, "column": 4 },
          "end": { "line": 65, "column": 5 }
        },
        "10": {
          "start": { "line": 61, "column": 6 },
          "end": { "line": 64, "column": 9 }
        },
        "11": {
          "start": { "line": 68, "column": 4 },
          "end": { "line": 73, "column": 5 }
        },
        "12": {
          "start": { "line": 69, "column": 6 },
          "end": { "line": 72, "column": 9 }
        },
        "13": {
          "start": { "line": 76, "column": 18 },
          "end": { "line": 76, "column": 40 }
        },
        "14": {
          "start": { "line": 79, "column": 52 },
          "end": { "line": 79, "column": 56 }
        },
        "15": {
          "start": { "line": 81, "column": 4 },
          "end": { "line": 85, "column": 7 }
        },
        "16": {
          "start": { "line": 87, "column": 4 },
          "end": { "line": 87, "column": 41 }
        },
        "17": {
          "start": { "line": 88, "column": 4 },
          "end": { "line": 91, "column": 7 }
        },
        "18": {
          "start": { "line": 100, "column": 24 },
          "end": { "line": 157, "column": 1 }
        },
        "19": {
          "start": { "line": 101, "column": 2 },
          "end": { "line": 156, "column": 3 }
        },
        "20": {
          "start": { "line": 102, "column": 57 },
          "end": { "line": 102, "column": 65 }
        },
        "21": {
          "start": { "line": 105, "column": 4 },
          "end": { "line": 110, "column": 5 }
        },
        "22": {
          "start": { "line": 106, "column": 6 },
          "end": { "line": 109, "column": 9 }
        },
        "23": {
          "start": { "line": 113, "column": 25 },
          "end": { "line": 115, "column": 6 }
        },
        "24": {
          "start": { "line": 117, "column": 4 },
          "end": { "line": 122, "column": 5 }
        },
        "25": {
          "start": { "line": 118, "column": 6 },
          "end": { "line": 121, "column": 9 }
        },
        "26": {
          "start": { "line": 125, "column": 17 },
          "end": { "line": 125, "column": 41 }
        },
        "27": {
          "start": { "line": 126, "column": 27 },
          "end": { "line": 126, "column": 60 }
        },
        "28": {
          "start": { "line": 129, "column": 17 },
          "end": { "line": 137, "column": 6 }
        },
        "29": {
          "start": { "line": 140, "column": 18 },
          "end": { "line": 140, "column": 40 }
        },
        "30": {
          "start": { "line": 143, "column": 52 },
          "end": { "line": 143, "column": 56 }
        },
        "31": {
          "start": { "line": 145, "column": 4 },
          "end": { "line": 149, "column": 7 }
        },
        "32": {
          "start": { "line": 151, "column": 4 },
          "end": { "line": 151, "column": 48 }
        },
        "33": {
          "start": { "line": 152, "column": 4 },
          "end": { "line": 155, "column": 7 }
        },
        "34": {
          "start": { "line": 164, "column": 21 },
          "end": { "line": 206, "column": 1 }
        },
        "35": {
          "start": { "line": 165, "column": 2 },
          "end": { "line": 205, "column": 3 }
        },
        "36": {
          "start": { "line": 167, "column": 4 },
          "end": { "line": 172, "column": 5 }
        },
        "37": {
          "start": { "line": 168, "column": 6 },
          "end": { "line": 171, "column": 9 }
        },
        "38": {
          "start": { "line": 175, "column": 17 },
          "end": { "line": 186, "column": 6 }
        },
        "39": {
          "start": { "line": 188, "column": 4 },
          "end": { "line": 193, "column": 5 }
        },
        "40": {
          "start": { "line": 189, "column": 6 },
          "end": { "line": 192, "column": 9 }
        },
        "41": {
          "start": { "line": 195, "column": 4 },
          "end": { "line": 198, "column": 7 }
        },
        "42": {
          "start": { "line": 200, "column": 4 },
          "end": { "line": 200, "column": 42 }
        },
        "43": {
          "start": { "line": 201, "column": 4 },
          "end": { "line": 204, "column": 7 }
        }
      },
      "fnMap": {
        "0": {
          "name": "(anonymous_0)",
          "decl": {
            "start": { "line": 30, "column": 22 },
            "end": { "line": 30, "column": 23 }
          },
          "loc": {
            "start": { "line": 30, "column": 49 },
            "end": { "line": 36, "column": 1 }
          }
        },
        "1": {
          "name": "(anonymous_1)",
          "decl": {
            "start": { "line": 43, "column": 21 },
            "end": { "line": 43, "column": 26 }
          },
          "loc": {
            "start": { "line": 43, "column": 64 },
            "end": { "line": 93, "column": 1 }
          }
        },
        "2": {
          "name": "(anonymous_2)",
          "decl": {
            "start": { "line": 100, "column": 24 },
            "end": { "line": 100, "column": 29 }
          },
          "loc": {
            "start": { "line": 100, "column": 70 },
            "end": { "line": 157, "column": 1 }
          }
        },
        "3": {
          "name": "(anonymous_3)",
          "decl": {
            "start": { "line": 164, "column": 21 },
            "end": { "line": 164, "column": 26 }
          },
          "loc": {
            "start": { "line": 164, "column": 59 },
            "end": { "line": 206, "column": 1 }
          }
        }
      },
      "branchMap": {
        "0": {
          "loc": {
            "start": { "line": 48, "column": 4 },
            "end": { "line": 53, "column": 5 }
          },
          "type": "if",
          "locations": [
            {
              "start": { "line": 48, "column": 4 },
              "end": { "line": 53, "column": 5 }
            }
          ]
        },
        "1": {
          "loc": {
            "start": { "line": 48, "column": 8 },
            "end": { "line": 48, "column": 27 }
          },
          "type": "binary-expr",
          "locations": [
            {
              "start": { "line": 48, "column": 8 },
              "end": { "line": 48, "column": 14 }
            },
            {
              "start": { "line": 48, "column": 18 },
              "end": { "line": 48, "column": 27 }
            }
          ]
        },
        "2": {
          "loc": {
            "start": { "line": 60, "column": 4 },
            "end": { "line": 65, "column": 5 }
          },
          "type": "if",
          "locations": [
            {
              "start": { "line": 60, "column": 4 },
              "end": { "line": 65, "column": 5 }
            }
          ]
        },
        "3": {
          "loc": {
            "start": { "line": 60, "column": 8 },
            "end": { "line": 60, "column": 65 }
          },
          "type": "binary-expr",
          "locations": [
            {
              "start": { "line": 60, "column": 8 },
              "end": { "line": 60, "column": 13 }
            },
            {
              "start": { "line": 60, "column": 17 },
              "end": { "line": 60, "column": 65 }
            }
          ]
        },
        "4": {
          "loc": {
            "start": { "line": 68, "column": 4 },
            "end": { "line": 73, "column": 5 }
          },
          "type": "if",
          "locations": [
            {
              "start": { "line": 68, "column": 4 },
              "end": { "line": 73, "column": 5 }
            }
          ]
        },
        "5": {
          "loc": {
            "start": { "line": 102, "column": 35 },
            "end": { "line": 102, "column": 52 }
          },
          "type": "default-arg",
          "locations": [
            {
              "start": { "line": 102, "column": 42 },
              "end": { "line": 102, "column": 52 }
            }
          ]
        },
        "6": {
          "loc": {
            "start": { "line": 105, "column": 4 },
            "end": { "line": 110, "column": 5 }
          },
          "type": "if",
          "locations": [
            {
              "start": { "line": 105, "column": 4 },
              "end": { "line": 110, "column": 5 }
            }
          ]
        },
        "7": {
          "loc": {
            "start": { "line": 105, "column": 8 },
            "end": { "line": 105, "column": 36 }
          },
          "type": "binary-expr",
          "locations": [
            {
              "start": { "line": 105, "column": 8 },
              "end": { "line": 105, "column": 13 }
            },
            {
              "start": { "line": 105, "column": 17 },
              "end": { "line": 105, "column": 23 }
            },
            {
              "start": { "line": 105, "column": 27 },
              "end": { "line": 105, "column": 36 }
            }
          ]
        },
        "8": {
          "loc": {
            "start": { "line": 117, "column": 4 },
            "end": { "line": 122, "column": 5 }
          },
          "type": "if",
          "locations": [
            {
              "start": { "line": 117, "column": 4 },
              "end": { "line": 122, "column": 5 }
            }
          ]
        },
        "9": {
          "loc": {
            "start": { "line": 167, "column": 4 },
            "end": { "line": 172, "column": 5 }
          },
          "type": "if",
          "locations": [
            {
              "start": { "line": 167, "column": 4 },
              "end": { "line": 172, "column": 5 }
            }
          ]
        },
        "10": {
          "loc": {
            "start": { "line": 188, "column": 4 },
            "end": { "line": 193, "column": 5 }
          },
          "type": "if",
          "locations": [
            {
              "start": { "line": 188, "column": 4 },
              "end": { "line": 193, "column": 5 }
            }
          ]
        }
      },
      "s": {
        "0": 0,
        "1": 0,
        "2": 0,
        "3": 0,
        "4": 0,
        "5": 0,
        "6": 0,
        "7": 0,
        "8": 0,
        "9": 0,
        "10": 0,
        "11": 0,
        "12": 0,
        "13": 0,
        "14": 0,
        "15": 0,
        "16": 0,
        "17": 0,
        "18": 0,
        "19": 0,
        "20": 0,
        "21": 0,
        "22": 0,
        "23": 0,
        "24": 0,
        "25": 0,
        "26": 0,
        "27": 0,
        "28": 0,
        "29": 0,
        "30": 0,
        "31": 0,
        "32": 0,
        "33": 0,
        "34": 0,
        "35": 0,
        "36": 0,
        "37": 0,
        "38": 0,
        "39": 0,
        "40": 0,
        "41": 0,
        "42": 0,
        "43": 0
      },
      "f": { "0": 0, "1": 0, "2": 0, "3": 0 },
      "b": {
        "0": [0],
        "1": [0, 0],
        "2": [0],
        "3": [0, 0],
        "4": [0],
        "5": [0],
        "6": [0],
        "7": [0, 0, 0],
        "8": [0],
        "9": [0],
        "10": [0]
      }
    },
    "C:\\FidiMyProjects2025\\Software_Projects\\AccuBooks\\AccuBooks\\backend\\src\\server.ts": {
      "path": "C:\\FidiMyProjects2025\\Software_Projects\\AccuBooks\\AccuBooks\\backend\\src\\server.ts",
      "statementMap": {
        "0": {
          "start": { "line": 10, "column": 22 },
          "end": { "line": 10, "column": 40 }
        },
        "1": {
          "start": { "line": 13, "column": 12 },
          "end": { "line": 13, "column": 21 }
        },
        "2": {
          "start": { "line": 16, "column": 0 },
          "end": { "line": 16, "column": 18 }
        },
        "3": {
          "start": { "line": 17, "column": 0 },
          "end": { "line": 21, "column": 4 }
        },
        "4": {
          "start": { "line": 22, "column": 0 },
          "end": { "line": 22, "column": 24 }
        },
        "5": {
          "start": { "line": 23, "column": 0 },
          "end": { "line": 23, "column": 48 }
        },
        "6": {
          "start": { "line": 26, "column": 0 },
          "end": { "line": 28, "column": 1 }
        },
        "7": {
          "start": { "line": 27, "column": 2 },
          "end": { "line": 27, "column": 25 }
        },
        "8": {
          "start": { "line": 31, "column": 0 },
          "end": { "line": 37, "column": 3 }
        },
        "9": {
          "start": { "line": 32, "column": 2 },
          "end": { "line": 36, "column": 5 }
        },
        "10": {
          "start": { "line": 40, "column": 0 },
          "end": { "line": 40, "column": 33 }
        },
        "11": {
          "start": { "line": 43, "column": 0 },
          "end": { "line": 48, "column": 3 }
        },
        "12": {
          "start": { "line": 44, "column": 2 },
          "end": { "line": 47, "column": 5 }
        },
        "13": {
          "start": { "line": 51, "column": 0 },
          "end": { "line": 59, "column": 3 }
        },
        "14": {
          "start": { "line": 52, "column": 2 },
          "end": { "line": 52, "column": 46 }
        },
        "15": {
          "start": { "line": 54, "column": 2 },
          "end": { "line": 58, "column": 5 }
        },
        "16": {
          "start": { "line": 62, "column": 13 },
          "end": { "line": 62, "column": 24 }
        },
        "17": {
          "start": { "line": 63, "column": 15 },
          "end": { "line": 65, "column": 2 }
        },
        "18": {
          "start": { "line": 64, "column": 2 },
          "end": { "line": 64, "column": 97 }
        },
        "19": {
          "start": { "line": 68, "column": 0 },
          "end": { "line": 71, "column": 3 }
        },
        "20": {
          "start": { "line": 69, "column": 2 },
          "end": { "line": 69, "column": 45 }
        },
        "21": {
          "start": { "line": 70, "column": 2 },
          "end": { "line": 70, "column": 38 }
        },
        "22": {
          "start": { "line": 70, "column": 21 },
          "end": { "line": 70, "column": 36 }
        },
        "23": {
          "start": { "line": 74, "column": 0 },
          "end": { "line": 77, "column": 3 }
        },
        "24": {
          "start": { "line": 75, "column": 2 },
          "end": { "line": 75, "column": 44 }
        },
        "25": {
          "start": { "line": 76, "column": 2 },
          "end": { "line": 76, "column": 38 }
        },
        "26": {
          "start": { "line": 76, "column": 21 },
          "end": { "line": 76, "column": 36 }
        },
        "27": {
          "start": { "line": 80, "column": 0 },
          "end": { "line": 85, "column": 3 }
        },
        "28": {
          "start": { "line": 81, "column": 2 },
          "end": { "line": 81, "column": 60 }
        },
        "29": {
          "start": { "line": 82, "column": 2 },
          "end": { "line": 84, "column": 5 }
        },
        "30": {
          "start": { "line": 83, "column": 4 },
          "end": { "line": 83, "column": 38 }
        }
      },
      "fnMap": {
        "0": {
          "name": "(anonymous_0)",
          "decl": {
            "start": { "line": 31, "column": 23 },
            "end": { "line": 31, "column": 24 }
          },
          "loc": {
            "start": { "line": 31, "column": 55 },
            "end": { "line": 37, "column": 1 }
          }
        },
        "1": {
          "name": "(anonymous_1)",
          "decl": {
            "start": { "line": 43, "column": 8 },
            "end": { "line": 43, "column": 9 }
          },
          "loc": {
            "start": { "line": 43, "column": 40 },
            "end": { "line": 48, "column": 1 }
          }
        },
        "2": {
          "name": "(anonymous_2)",
          "decl": {
            "start": { "line": 51, "column": 8 },
            "end": { "line": 51, "column": 9 }
          },
          "loc": {
            "start": { "line": 51, "column": 72 },
            "end": { "line": 59, "column": 1 }
          }
        },
        "3": {
          "name": "(anonymous_3)",
          "decl": {
            "start": { "line": 63, "column": 32 },
            "end": { "line": 63, "column": 35 }
          },
          "loc": {
            "start": { "line": 63, "column": 37 },
            "end": { "line": 65, "column": 1 }
          }
        },
        "4": {
          "name": "(anonymous_4)",
          "decl": {
            "start": { "line": 68, "column": 33 },
            "end": { "line": 68, "column": 34 }
          },
          "loc": {
            "start": { "line": 68, "column": 48 },
            "end": { "line": 71, "column": 1 }
          }
        },
        "5": {
          "name": "(anonymous_5)",
          "decl": {
            "start": { "line": 70, "column": 15 },
            "end": { "line": 70, "column": 18 }
          },
          "loc": {
            "start": { "line": 70, "column": 21 },
            "end": { "line": 70, "column": 36 }
          }
        },
        "6": {
          "name": "(anonymous_6)",
          "decl": {
            "start": { "line": 74, "column": 32 },
            "end": { "line": 74, "column": 33 }
          },
          "loc": {
            "start": { "line": 74, "column": 47 },
            "end": { "line": 77, "column": 1 }
          }
        },
        "7": {
          "name": "(anonymous_7)",
          "decl": {
            "start": { "line": 76, "column": 15 },
            "end": { "line": 76, "column": 18 }
          },
          "loc": {
            "start": { "line": 76, "column": 21 },
            "end": { "line": 76, "column": 36 }
          }
        },
        "8": {
          "name": "(anonymous_8)",
          "decl": {
            "start": { "line": 80, "column": 22 },
            "end": { "line": 80, "column": 25 }
          },
          "loc": {
            "start": { "line": 80, "column": 27 },
            "end": { "line": 85, "column": 1 }
          }
        },
        "9": {
          "name": "(anonymous_9)",
          "decl": {
            "start": { "line": 82, "column": 15 },
            "end": { "line": 82, "column": 18 }
          },
          "loc": {
            "start": { "line": 82, "column": 20 },
            "end": { "line": 84, "column": 3 }
          }
        }
      },
      "branchMap": {
        "0": {
          "loc": {
            "start": { "line": 26, "column": 0 },
            "end": { "line": 28, "column": 1 }
          },
          "type": "if",
          "locations": [
            {
              "start": { "line": 26, "column": 0 },
              "end": { "line": 28, "column": 1 }
            }
          ]
        },
        "1": {
          "loc": {
            "start": { "line": 35, "column": 17 },
            "end": { "line": 35, "column": 54 }
          },
          "type": "binary-expr",
          "locations": [
            {
              "start": { "line": 35, "column": 17 },
              "end": { "line": 35, "column": 37 }
            },
            {
              "start": { "line": 35, "column": 41 },
              "end": { "line": 35, "column": 54 }
            }
          ]
        },
        "2": {
          "loc": {
            "start": { "line": 57, "column": 11 },
            "end": { "line": 57, "column": 75 }
          },
          "type": "cond-expr",
          "locations": [
            {
              "start": { "line": 57, "column": 52 },
              "end": { "line": 57, "column": 63 }
            },
            {
              "start": { "line": 57, "column": 66 },
              "end": { "line": 57, "column": 75 }
            }
          ]
        },
        "3": {
          "loc": {
            "start": { "line": 64, "column": 35 },
            "end": { "line": 64, "column": 72 }
          },
          "type": "binary-expr",
          "locations": [
            {
              "start": { "line": 64, "column": 35 },
              "end": { "line": 64, "column": 55 }
            },
            {
              "start": { "line": 64, "column": 59 },
              "end": { "line": 64, "column": 72 }
            }
          ]
        }
      },
      "s": {
        "0": 0,
        "1": 0,
        "2": 0,
        "3": 0,
        "4": 0,
        "5": 0,
        "6": 0,
        "7": 0,
        "8": 0,
        "9": 0,
        "10": 0,
        "11": 0,
        "12": 0,
        "13": 0,
        "14": 0,
        "15": 0,
        "16": 0,
        "17": 0,
        "18": 0,
        "19": 0,
        "20": 0,
        "21": 0,
        "22": 0,
        "23": 0,
        "24": 0,
        "25": 0,
        "26": 0,
        "27": 0,
        "28": 0,
        "29": 0,
        "30": 0
      },
      "f": {
        "0": 0,
        "1": 0,
        "2": 0,
        "3": 0,
        "4": 0,
        "5": 0,
        "6": 0,
        "7": 0,
        "8": 0,
        "9": 0
      },
      "b": { "0": [0], "1": [0, 0], "2": [0, 0], "3": [0, 0] }
    },
    "C:\\FidiMyProjects2025\\Software_Projects\\AccuBooks\\AccuBooks\\backend\\src\\db\\migrate.ts": {
      "path": "C:\\FidiMyProjects2025\\Software_Projects\\AccuBooks\\AccuBooks\\backend\\src\\db\\migrate.ts",
      "statementMap": {
        "0": {
          "start": { "line": 10, "column": 19 },
          "end": { "line": 10, "column": 49 }
        },
        "1": {
          "start": { "line": 11, "column": 18 },
          "end": { "line": 11, "column": 42 }
        },
        "2": {
          "start": { "line": 19, "column": 24 },
          "end": { "line": 19, "column": 58 }
        },
        "3": {
          "start": { "line": 20, "column": 25 },
          "end": { "line": 20, "column": 86 }
        },
        "4": {
          "start": { "line": 22, "column": 51 },
          "end": { "line": 22, "column": 53 }
        },
        "5": {
          "start": { "line": 24, "column": 2 },
          "end": { "line": 31, "column": 3 }
        },
        "6": {
          "start": { "line": 25, "column": 19 },
          "end": { "line": 25, "column": 37 }
        },
        "7": {
          "start": { "line": 26, "column": 26 },
          "end": { "line": 26, "column": 52 }
        },
        "8": {
          "start": { "line": 27, "column": 4 },
          "end": { "line": 30, "column": 6 }
        },
        "9": {
          "start": { "line": 33, "column": 2 },
          "end": { "line": 38, "column": 43 }
        },
        "10": {
          "start": { "line": 34, "column": 24 },
          "end": { "line": 34, "column": 42 }
        },
        "11": {
          "start": { "line": 36, "column": 6 },
          "end": { "line": 36, "column": 23 }
        },
        "12": {
          "start": { "line": 37, "column": 6 },
          "end": { "line": 37, "column": 17 }
        },
        "13": {
          "start": { "line": 42, "column": 2 },
          "end": { "line": 47, "column": 5 }
        },
        "14": {
          "start": { "line": 51, "column": 2 },
          "end": { "line": 63, "column": 3 }
        },
        "15": {
          "start": { "line": 52, "column": 19 },
          "end": { "line": 52, "column": 85 }
        },
        "16": {
          "start": { "line": 54, "column": 18 },
          "end": { "line": 54, "column": 73 }
        },
        "17": {
          "start": { "line": 55, "column": 4 },
          "end": { "line": 55, "column": 46 }
        },
        "18": {
          "start": { "line": 55, "column": 35 },
          "end": { "line": 55, "column": 43 }
        },
        "19": {
          "start": { "line": 58, "column": 20 },
          "end": { "line": 58, "column": 46 }
        },
        "20": {
          "start": { "line": 59, "column": 4 },
          "end": { "line": 61, "column": 5 }
        },
        "21": {
          "start": { "line": 60, "column": 6 },
          "end": { "line": 60, "column": 31 }
        },
        "22": {
          "start": { "line": 62, "column": 4 },
          "end": { "line": 62, "column": 16 }
        },
        "23": {
          "start": { "line": 68, "column": 2 },
          "end": { "line": 70, "column": 4 }
        },
        "24": {
          "start": { "line": 74, "column": 2 },
          "end": { "line": 74, "column": 42 }
        },
        "25": {
          "start": { "line": 76, "column": 2 },
          "end": { "line": 76, "column": 32 }
        },
        "26": {
          "start": { "line": 77, "column": 30 },
          "end": { "line": 77, "column": 60 }
        },
        "27": {
          "start": { "line": 78, "column": 21 },
          "end": { "line": 78, "column": 43 }
        },
        "28": {
          "start": { "line": 81, "column": 24 },
          "end": { "line": 81, "column": 58 }
        },
        "29": {
          "start": { "line": 82, "column": 2 },
          "end": { "line": 87, "column": 3 }
        },
        "30": {
          "start": { "line": 83, "column": 4 },
          "end": { "line": 83, "column": 35 }
        },
        "31": {
          "start": { "line": 85, "column": 4 },
          "end": { "line": 85, "column": 62 }
        },
        "32": {
          "start": { "line": 86, "column": 4 },
          "end": { "line": 86, "column": 55 }
        },
        "33": {
          "start": { "line": 89, "column": 2 },
          "end": { "line": 89, "column": 116 }
        },
        "34": {
          "start": { "line": 91, "column": 16 },
          "end": { "line": 91, "column": 17 }
        },
        "35": {
          "start": { "line": 93, "column": 2 },
          "end": { "line": 106, "column": 3 }
        },
        "36": {
          "start": { "line": 94, "column": 4 },
          "end": { "line": 105, "column": 5 }
        },
        "37": {
          "start": { "line": 95, "column": 6 },
          "end": { "line": 95, "column": 52 }
        },
        "38": {
          "start": { "line": 96, "column": 6 },
          "end": { "line": 104, "column": 7 }
        },
        "39": {
          "start": { "line": 97, "column": 8 },
          "end": { "line": 97, "column": 29 }
        },
        "40": {
          "start": { "line": 98, "column": 8 },
          "end": { "line": 98, "column": 42 }
        },
        "41": {
          "start": { "line": 99, "column": 8 },
          "end": { "line": 99, "column": 18 }
        },
        "42": {
          "start": { "line": 100, "column": 8 },
          "end": { "line": 100, "column": 52 }
        },
        "43": {
          "start": { "line": 102, "column": 8 },
          "end": { "line": 102, "column": 69 }
        },
        "44": {
          "start": { "line": 103, "column": 8 },
          "end": { "line": 103, "column": 20 }
        },
        "45": {
          "start": { "line": 108, "column": 2 },
          "end": { "line": 112, "column": 3 }
        },
        "46": {
          "start": { "line": 109, "column": 4 },
          "end": { "line": 109, "column": 72 }
        },
        "47": {
          "start": { "line": 111, "column": 4 },
          "end": { "line": 111, "column": 66 }
        },
        "48": {
          "start": { "line": 115, "column": 0 },
          "end": { "line": 123, "column": 5 }
        },
        "49": {
          "start": { "line": 117, "column": 4 },
          "end": { "line": 117, "column": 59 }
        },
        "50": {
          "start": { "line": 118, "column": 4 },
          "end": { "line": 118, "column": 20 }
        },
        "51": {
          "start": { "line": 121, "column": 4 },
          "end": { "line": 121, "column": 48 }
        },
        "52": {
          "start": { "line": 122, "column": 4 },
          "end": { "line": 122, "column": 20 }
        }
      },
      "fnMap": {
        "0": {
          "name": "loadMigrations",
          "decl": {
            "start": { "line": 18, "column": 15 },
            "end": { "line": 18, "column": 29 }
          },
          "loc": {
            "start": { "line": 18, "column": 29 },
            "end": { "line": 39, "column": 1 }
          }
        },
        "1": {
          "name": "(anonymous_1)",
          "decl": {
            "start": { "line": 34, "column": 10 },
            "end": { "line": 34, "column": 11 }
          },
          "loc": {
            "start": { "line": 34, "column": 24 },
            "end": { "line": 34, "column": 42 }
          }
        },
        "2": {
          "name": "(anonymous_2)",
          "decl": {
            "start": { "line": 35, "column": 12 },
            "end": { "line": 35, "column": 13 }
          },
          "loc": {
            "start": { "line": 35, "column": 34 },
            "end": { "line": 38, "column": 5 }
          }
        },
        "3": {
          "name": "ensureMigrationsTable",
          "decl": {
            "start": { "line": 41, "column": 15 },
            "end": { "line": 41, "column": 36 }
          },
          "loc": {
            "start": { "line": 41, "column": 36 },
            "end": { "line": 48, "column": 1 }
          }
        },
        "4": {
          "name": "getCompletedMigrations",
          "decl": {
            "start": { "line": 50, "column": 15 },
            "end": { "line": 50, "column": 37 }
          },
          "loc": {
            "start": { "line": 50, "column": 37 },
            "end": { "line": 64, "column": 1 }
          }
        },
        "5": {
          "name": "(anonymous_5)",
          "decl": {
            "start": { "line": 55, "column": 28 },
            "end": { "line": 55, "column": 31 }
          },
          "loc": {
            "start": { "line": 55, "column": 35 },
            "end": { "line": 55, "column": 43 }
          }
        },
        "6": {
          "name": "markMigrationComplete",
          "decl": {
            "start": { "line": 66, "column": 15 },
            "end": { "line": 66, "column": 36 }
          },
          "loc": {
            "start": { "line": 66, "column": 49 },
            "end": { "line": 71, "column": 1 }
          }
        },
        "7": {
          "name": "runMigrations",
          "decl": {
            "start": { "line": 73, "column": 15 },
            "end": { "line": 73, "column": 28 }
          },
          "loc": {
            "start": { "line": 73, "column": 28 },
            "end": { "line": 113, "column": 1 }
          }
        },
        "8": {
          "name": "(anonymous_8)",
          "decl": {
            "start": { "line": 116, "column": 8 },
            "end": { "line": 116, "column": 11 }
          },
          "loc": {
            "start": { "line": 116, "column": 13 },
            "end": { "line": 119, "column": 3 }
          }
        },
        "9": {
          "name": "(anonymous_9)",
          "decl": {
            "start": { "line": 120, "column": 9 },
            "end": { "line": 120, "column": 10 }
          },
          "loc": {
            "start": { "line": 120, "column": 19 },
            "end": { "line": 123, "column": 3 }
          }
        }
      },
      "branchMap": {
        "0": {
          "loc": {
            "start": { "line": 59, "column": 4 },
            "end": { "line": 61, "column": 5 }
          },
          "type": "if",
          "locations": [
            {
              "start": { "line": 59, "column": 4 },
              "end": { "line": 61, "column": 5 }
            }
          ]
        },
        "1": {
          "loc": {
            "start": { "line": 94, "column": 4 },
            "end": { "line": 105, "column": 5 }
          },
          "type": "if",
          "locations": [
            {
              "start": { "line": 94, "column": 4 },
              "end": { "line": 105, "column": 5 }
            }
          ]
        },
        "2": {
          "loc": {
            "start": { "line": 108, "column": 2 },
            "end": { "line": 112, "column": 3 }
          },
          "type": "if",
          "locations": [
            {
              "start": { "line": 108, "column": 2 },
              "end": { "line": 112, "column": 3 }
            },
            {
              "start": { "line": 110, "column": 9 },
              "end": { "line": 112, "column": 3 }
            }
          ]
        }
      },
      "s": {
        "0": 0,
        "1": 0,
        "2": 0,
        "3": 0,
        "4": 0,
        "5": 0,
        "6": 0,
        "7": 0,
        "8": 0,
        "9": 0,
        "10": 0,
        "11": 0,
        "12": 0,
        "13": 0,
        "14": 0,
        "15": 0,
        "16": 0,
        "17": 0,
        "18": 0,
        "19": 0,
        "20": 0,
        "21": 0,
        "22": 0,
        "23": 0,
        "24": 0,
        "25": 0,
        "26": 0,
        "27": 0,
        "28": 0,
        "29": 0,
        "30": 0,
        "31": 0,
        "32": 0,
        "33": 0,
        "34": 0,
        "35": 0,
        "36": 0,
        "37": 0,
        "38": 0,
        "39": 0,
        "40": 0,
        "41": 0,
        "42": 0,
        "43": 0,
        "44": 0,
        "45": 0,
        "46": 0,
        "47": 0,
        "48": 0,
        "49": 0,
        "50": 0,
        "51": 0,
        "52": 0
      },
      "f": {
        "0": 0,
        "1": 0,
        "2": 0,
        "3": 0,
        "4": 0,
        "5": 0,
        "6": 0,
        "7": 0,
        "8": 0,
        "9": 0
      },
      "b": { "0": [0], "1": [0], "2": [0, 0] }
    },
    "C:\\FidiMyProjects2025\\Software_Projects\\AccuBooks\\AccuBooks\\backend\\src\\db\\index.ts": {
      "path": "C:\\FidiMyProjects2025\\Software_Projects\\AccuBooks\\AccuBooks\\backend\\src\\db\\index.ts",
      "statementMap": {
        "0": {
          "start": { "line": 9, "column": 12 },
          "end": { "line": 9, "column": 18 }
        },
        "1": {
          "start": { "line": 12, "column": 23 },
          "end": { "line": 12, "column": 39 }
        },
        "2": {
          "start": { "line": 15, "column": 0 },
          "end": { "line": 19, "column": 1 }
        },
        "3": {
          "start": { "line": 16, "column": 2 },
          "end": { "line": 16, "column": 77 }
        },
        "4": {
          "start": { "line": 18, "column": 2 },
          "end": { "line": 18, "column": 57 }
        },
        "5": {
          "start": { "line": 21, "column": 0 },
          "end": { "line": 23, "column": 1 }
        },
        "6": {
          "start": { "line": 22, "column": 2 },
          "end": { "line": 22, "column": 74 }
        },
        "7": {
          "start": { "line": 26, "column": 15 },
          "end": { "line": 38, "column": 2 }
        },
        "8": {
          "start": { "line": 41, "column": 26 },
          "end": { "line": 46, "column": null }
        },
        "9": {
          "start": { "line": 51, "column": 0 },
          "end": { "line": 51, "column": 55 }
        },
        "10": {
          "start": { "line": 59, "column": 17 },
          "end": { "line": 59, "column": 62 }
        },
        "11": {
          "start": { "line": 60, "column": 2 },
          "end": { "line": 60, "column": 16 }
        },
        "12": {
          "start": { "line": 67, "column": 2 },
          "end": { "line": 69, "column": 5 }
        },
        "13": {
          "start": { "line": 68, "column": 4 },
          "end": { "line": 68, "column": 30 }
        },
        "14": {
          "start": { "line": 74, "column": 2 },
          "end": { "line": 74, "column": 21 }
        },
        "15": {
          "start": { "line": 78, "column": 0 },
          "end": { "line": 81, "column": 3 }
        },
        "16": {
          "start": { "line": 79, "column": 2 },
          "end": { "line": 79, "column": 26 }
        },
        "17": {
          "start": { "line": 80, "column": 2 },
          "end": { "line": 80, "column": 18 }
        },
        "18": {
          "start": { "line": 83, "column": 0 },
          "end": { "line": 86, "column": 3 }
        },
        "19": {
          "start": { "line": 84, "column": 2 },
          "end": { "line": 84, "column": 26 }
        },
        "20": {
          "start": { "line": 85, "column": 2 },
          "end": { "line": 85, "column": 18 }
        }
      },
      "fnMap": {
        "0": {
          "name": "executeQuery",
          "decl": {
            "start": { "line": 58, "column": 22 },
            "end": { "line": 58, "column": 34 }
          },
          "loc": {
            "start": { "line": 58, "column": 73 },
            "end": { "line": 61, "column": 1 }
          }
        },
        "1": {
          "name": "transaction",
          "decl": {
            "start": { "line": 64, "column": 22 },
            "end": { "line": 64, "column": 33 }
          },
          "loc": {
            "start": { "line": 65, "column": 65 },
            "end": { "line": 70, "column": 1 }
          }
        },
        "2": {
          "name": "(anonymous_2)",
          "decl": {
            "start": { "line": 67, "column": 24 },
            "end": { "line": 67, "column": 29 }
          },
          "loc": {
            "start": { "line": 67, "column": 37 },
            "end": { "line": 69, "column": 3 }
          }
        },
        "3": {
          "name": "closeConnection",
          "decl": {
            "start": { "line": 73, "column": 22 },
            "end": { "line": 73, "column": 37 }
          },
          "loc": {
            "start": { "line": 73, "column": 37 },
            "end": { "line": 75, "column": 1 }
          }
        },
        "4": {
          "name": "(anonymous_4)",
          "decl": {
            "start": { "line": 78, "column": 21 },
            "end": { "line": 78, "column": 26 }
          },
          "loc": {
            "start": { "line": 78, "column": 32 },
            "end": { "line": 81, "column": 1 }
          }
        },
        "5": {
          "name": "(anonymous_5)",
          "decl": {
            "start": { "line": 83, "column": 22 },
            "end": { "line": 83, "column": 27 }
          },
          "loc": {
            "start": { "line": 83, "column": 33 },
            "end": { "line": 86, "column": 1 }
          }
        }
      },
      "branchMap": {
        "0": {
          "loc": {
            "start": { "line": 15, "column": 0 },
            "end": { "line": 19, "column": 1 }
          },
          "type": "if",
          "locations": [
            {
              "start": { "line": 15, "column": 0 },
              "end": { "line": 19, "column": 1 }
            }
          ]
        },
        "1": {
          "loc": {
            "start": { "line": 21, "column": 0 },
            "end": { "line": 23, "column": 1 }
          },
          "type": "if",
          "locations": [
            {
              "start": { "line": 21, "column": 0 },
              "end": { "line": 23, "column": 1 }
            }
          ]
        },
        "2": {
          "loc": {
            "start": { "line": 28, "column": 7 },
            "end": { "line": 28, "column": 63 }
          },
          "type": "cond-expr",
          "locations": [
            {
              "start": { "line": 28, "column": 26 },
              "end": { "line": 28, "column": 55 }
            },
            {
              "start": { "line": 28, "column": 58 },
              "end": { "line": 28, "column": 63 }
            }
          ]
        },
        "3": {
          "loc": {
            "start": { "line": 59, "column": 49 },
            "end": { "line": 59, "column": 61 }
          },
          "type": "binary-expr",
          "locations": [
            {
              "start": { "line": 59, "column": 49 },
              "end": { "line": 59, "column": 55 }
            },
            {
              "start": { "line": 59, "column": 59 },
              "end": { "line": 59, "column": 61 }
            }
          ]
        }
      },
      "s": {
        "0": 0,
        "1": 0,
        "2": 0,
        "3": 0,
        "4": 0,
        "5": 0,
        "6": 0,
        "7": 0,
        "8": 0,
        "9": 0,
        "10": 0,
        "11": 0,
        "12": 0,
        "13": 0,
        "14": 0,
        "15": 0,
        "16": 0,
        "17": 0,
        "18": 0,
        "19": 0,
        "20": 0
      },
      "f": { "0": 0, "1": 0, "2": 0, "3": 0, "4": 0, "5": 0 },
      "b": { "0": [0], "1": [0], "2": [0, 0], "3": [0, 0] }
    },
    "C:\\FidiMyProjects2025\\Software_Projects\\AccuBooks\\AccuBooks\\backend\\src\\controllers\\report.controller.ts": {
      "path": "C:\\FidiMyProjects2025\\Software_Projects\\AccuBooks\\AccuBooks\\backend\\src\\controllers\\report.controller.ts",
      "statementMap": {
        "0": {
          "start": { "line": 6, "column": 15 },
          "end": { "line": 6, "column": 33 }
        },
        "1": {
          "start": { "line": 8, "column": 29 },
          "end": { "line": 52, "column": 2 }
        },
        "2": {
          "start": { "line": 10, "column": 19 },
          "end": { "line": 10, "column": 35 }
        },
        "3": {
          "start": { "line": 11, "column": 25 },
          "end": { "line": 11, "column": 60 }
        },
        "4": {
          "start": { "line": 12, "column": 2 },
          "end": { "line": 12, "column": 52 }
        },
        "5": {
          "start": { "line": 12, "column": 31 },
          "end": { "line": 12, "column": 50 }
        },
        "6": {
          "start": { "line": 15, "column": 17 },
          "end": { "line": 15, "column": 41 }
        },
        "7": {
          "start": { "line": 16, "column": 2 },
          "end": { "line": 16, "column": 76 }
        },
        "8": {
          "start": { "line": 16, "column": 63 },
          "end": { "line": 16, "column": 74 }
        },
        "9": {
          "start": { "line": 18, "column": 14 },
[...]
        },
        "70": {
          "start": { "line": 54, "column": 12 },
          "end": { "line": 54, "column": 19 }
        },
        "71": {
          "start": { "line": 57, "column": 2 },
          "end": { "line": 57, "column": 17 }
        },
        "72": {
          "start": { "line": 57, "column": 2 },
          "end": { "line": 57, "column": 10 }
        },
        "73": {
          "start": { "line": 57, "column": 10 },
          "end": { "line": 57, "column": 17 }
        },
        "74": {
          "start": { "line": 60, "column": 2 },
          "end": { "line": 60, "column": 15 }
        },
        "75": {
          "start": { "line": 60, "column": 2 },
          "end": { "line": 60, "column": 8 }
        },
        "76": {
          "start": { "line": 60, "column": 8 },
          "end": { "line": 60, "column": 15 }
        },
        "77": {
          "start": { "line": 63, "column": 2 },
          "end": { "line": 63, "column": 17 }
        },
        "78": {
          "start": { "line": 63, "column": 2 },
          "end": { "line": 63, "column": 8 }
        },
        "79": {
          "start": { "line": 63, "column": 8 },
          "end": { "line": 63, "column": 17 }
        },
        "80": {
          "start": { "line": 66, "column": 2 },
          "end": { "line": 66, "column": 36 }
        },
        "81": {
          "start": { "line": 66, "column": 2 },
          "end": { "line": 66, "column": 9 }
        },
        "82": {
          "start": { "line": 66, "column": 9 },
          "end": { "line": 66, "column": 36 }
        },
        "83": {
          "start": { "line": 69, "column": 2 },
          "end": { "line": 69, "column": 21 }
        },
        "84": {
          "start": { "line": 69, "column": 2 },
          "end": { "line": 69, "column": 11 }
        },
        "85": {
          "start": { "line": 69, "column": 11 },
          "end": { "line": 69, "column": 21 }
        },
        "86": {
          "start": { "line": 72, "column": 2 },
          "end": { "line": 72, "column": 18 }
        },
        "87": {
          "start": { "line": 72, "column": 2 },
          "end": { "line": 72, "column": 11 }
        },
        "88": {
          "start": { "line": 72, "column": 11 },
          "end": { "line": 72, "column": 18 }
        },
        "89": {
          "start": { "line": 75, "column": 2 },
          "end": { "line": 75, "column": 18 }
        },
        "90": {
          "start": { "line": 75, "column": 2 },
          "end": { "line": 75, "column": 11 }
        },
        "91": {
          "start": { "line": 75, "column": 11 },
          "end": { "line": 75, "column": 18 }
        }
      },
      "fnMap": {
        "0": {
          "name": "(anonymous_5)",
          "decl": {
            "start": { "line": 5, "column": 2 },
            "end": { "line": 5, "column": 6 }
          },
          "loc": {
            "start": { "line": 5, "column": 2 },
            "end": { "line": 5, "column": 6 }
          }
        },
        "1": {
          "name": "(anonymous_7)",
          "decl": {
            "start": { "line": 5, "column": 6 },
            "end": { "line": 5, "column": 65 }
          },
          "loc": {
            "start": { "line": 5, "column": 6 },
            "end": { "line": 5, "column": 65 }
          }
        },
        "2": {
          "name": "(anonymous_8)",
          "decl": {
            "start": { "line": 8, "column": 2 },
            "end": { "line": 8, "column": 11 }
          },
          "loc": {
            "start": { "line": 8, "column": 2 },
            "end": { "line": 8, "column": 11 }
          }
        },
        "3": {
          "name": "(anonymous_10)",
          "decl": {
            "start": { "line": 8, "column": 11 },
            "end": { "line": 8, "column": 21 }
          },
          "loc": {
            "start": { "line": 8, "column": 11 },
            "end": { "line": 8, "column": 21 }
          }
        },
        "4": {
          "name": "(anonymous_11)",
          "decl": {
            "start": { "line": 11, "column": 2 },
            "end": { "line": 11, "column": 15 }
          },
          "loc": {
            "start": { "line": 11, "column": 2 },
            "end": { "line": 11, "column": 15 }
          }
        },
        "5": {
          "name": "(anonymous_13)",
          "decl": {
            "start": { "line": 11, "column": 15 },
            "end": { "line": 11, "column": 25 }
          },
          "loc": {
            "start": { "line": 11, "column": 15 },
            "end": { "line": 11, "column": 25 }
          }
        },
        "6": {
          "name": "(anonymous_14)",
          "decl": {
            "start": { "line": 14, "column": 2 },
            "end": { "line": 14, "column": 11 }
          },
          "loc": {
            "start": { "line": 14, "column": 2 },
            "end": { "line": 14, "column": 11 }
          }
        },
        "7": {
          "name": "(anonymous_16)",
          "decl": {
            "start": { "line": 14, "column": 11 },
            "end": { "line": 14, "column": 21 }
          },
          "loc": {
            "start": { "line": 14, "column": 11 },
            "end": { "line": 14, "column": 21 }
          }
        },
        "8": {
          "name": "(anonymous_17)",
          "decl": {
            "start": { "line": 17, "column": 2 },
            "end": { "line": 17, "column": 16 }
          },
          "loc": {
            "start": { "line": 17, "column": 2 },
            "end": { "line": 17, "column": 16 }
          }
        },
        "9": {
          "name": "(anonymous_19)",
          "decl": {
            "start": { "line": 17, "column": 16 },
            "end": { "line": 17, "column": 26 }
          },
          "loc": {
            "start": { "line": 17, "column": 16 },
            "end": { "line": 17, "column": 26 }
          }
        },
        "10": {
          "name": "(anonymous_20)",
          "decl": {
            "start": { "line": 20, "column": 2 },
            "end": { "line": 20, "column": 14 }
          },
          "loc": {
            "start": { "line": 20, "column": 2 },
            "end": { "line": 20, "column": 14 }
          }
        },
        "11": {
          "name": "(anonymous_22)",
          "decl": {
            "start": { "line": 20, "column": 14 },
            "end": { "line": 20, "column": 24 }
          },
          "loc": {
            "start": { "line": 20, "column": 14 },
            "end": { "line": 20, "column": 24 }
          }
        },
        "12": {
          "name": "(anonymous_23)",
          "decl": {
            "start": { "line": 23, "column": 2 },
            "end": { "line": 23, "column": 6 }
          },
          "loc": {
            "start": { "line": 23, "column": 2 },
            "end": { "line": 23, "column": 6 }
          }
        },
        "13": {
          "name": "(anonymous_25)",
          "decl": {
            "start": { "line": 23, "column": 6 },
            "end": { "line": 23, "column": 13 }
          },
          "loc": {
            "start": { "line": 23, "column": 6 },
            "end": { "line": 23, "column": 13 }
          }
        },
        "14": {
          "name": "(anonymous_28)",
          "decl": {
            "start": { "line": 28, "column": 2 },
            "end": { "line": 28, "column": 15 }
          },
          "loc": {
            "start": { "line": 28, "column": 2 },
            "end": { "line": 28, "column": 15 }
          }
        },
        "15": {
          "name": "(anonymous_30)",
          "decl": {
            "start": { "line": 28, "column": 15 },
            "end": { "line": 28, "column": 24 }
          },
          "loc": {
            "start": { "line": 28, "column": 15 },
            "end": { "line": 28, "column": 24 }
          }
        },
        "16": {
          "name": "(anonymous_31)",
          "decl": {
            "start": { "line": 31, "column": 2 },
            "end": { "line": 31, "column": 15 }
          },
          "loc": {
            "start": { "line": 31, "column": 2 },
            "end": { "line": 31, "column": 15 }
          }
        },
        "17": {
          "name": "(anonymous_33)",
          "decl": {
            "start": { "line": 31, "column": 15 },
            "end": { "line": 31, "column": 24 }
          },
          "loc": {
            "start": { "line": 31, "column": 15 },
            "end": { "line": 31, "column": 24 }
          }
        },
        "18": {
          "name": "(anonymous_34)",
          "decl": {
            "start": { "line": 34, "column": 2 },
            "end": { "line": 34, "column": 20 }
          },
          "loc": {
            "start": { "line": 34, "column": 2 },
            "end": { "line": 34, "column": 20 }
          }
        },
        "19": {
          "name": "(anonymous_36)",
          "decl": {
            "start": { "line": 34, "column": 20 },
            "end": { "line": 34, "column": 29 }
          },
          "loc": {
            "start": { "line": 34, "column": 20 },
            "end": { "line": 34, "column": 29 }
          }
        },
        "20": {
          "name": "(anonymous_37)",
          "decl": {
            "start": { "line": 37, "column": 2 },
            "end": { "line": 37, "column": 20 }
          },
          "loc": {
            "start": { "line": 37, "column": 2 },
            "end": { "line": 37, "column": 20 }
          }
        },
        "21": {
          "name": "(anonymous_39)",
          "decl": {
            "start": { "line": 37, "column": 20 },
            "end": { "line": 37, "column": 29 }
          },
          "loc": {
            "start": { "line": 37, "column": 20 },
            "end": { "line": 37, "column": 29 }
          }
        },
        "22": {
          "name": "(anonymous_40)",
          "decl": {
            "start": { "line": 40, "column": 2 },
            "end": { "line": 40, "column": 24 }
          },
          "loc": {
            "start": { "line": 40, "column": 2 },
            "end": { "line": 40, "column": 24 }
          }
        },
        "23": {
          "name": "(anonymous_42)",
          "decl": {
            "start": { "line": 40, "column": 24 },
            "end": { "line": 40, "column": 33 }
          },
          "loc": {
            "start": { "line": 40, "column": 24 },
            "end": { "line": 40, "column": 33 }
          }
        },
        "24": {
          "name": "(anonymous_43)",
          "decl": {
            "start": { "line": 43, "column": 2 },
            "end": { "line": 43, "column": 15 }
          },
          "loc": {
            "start": { "line": 43, "column": 2 },
            "end": { "line": 43, "column": 15 }
          }
        },
        "25": {
          "name": "(anonymous_45)",
          "decl": {
            "start": { "line": 43, "column": 15 },
            "end": { "line": 43, "column": 34 }
          },
          "loc": {
            "start": { "line": 43, "column": 15 },
            "end": { "line": 43, "column": 34 }
          }
        },
        "26": {
          "name": "(anonymous_48)",
          "decl": {
            "start": { "line": 48, "column": 2 },
            "end": { "line": 48, "column": 4 }
          },
          "loc": {
            "start": { "line": 48, "column": 2 },
            "end": { "line": 48, "column": 4 }
          }
        },
        "27": {
          "name": "(anonymous_50)",
          "decl": {
            "start": { "line": 48, "column": 4 },
            "end": { "line": 48, "column": 13 }
          },
          "loc": {
            "start": { "line": 48, "column": 4 },
            "end": { "line": 48, "column": 13 }
          }
        },
        "28": {
          "name": "(anonymous_51)",
          "decl": {
            "start": { "line": 51, "column": 2 },
            "end": { "line": 51, "column": 12 }
          },
          "loc": {
            "start": { "line": 51, "column": 2 },
            "end": { "line": 51, "column": 12 }
          }
        },
        "29": {
          "name": "(anonymous_53)",
          "decl": {
            "start": { "line": 51, "column": 12 },
            "end": { "line": 51, "column": 21 }
          },
          "loc": {
            "start": { "line": 51, "column": 12 },
            "end": { "line": 51, "column": 21 }
          }
        },
        "30": {
          "name": "(anonymous_54)",
          "decl": {
            "start": { "line": 54, "column": 2 },
            "end": { "line": 54, "column": 12 }
          },
          "loc": {
            "start": { "line": 54, "column": 2 },
            "end": { "line": 54, "column": 12 }
          }
        },
        "31": {
          "name": "(anonymous_56)",
          "decl": {
            "start": { "line": 54, "column": 12 },
            "end": { "line": 54, "column": 19 }
          },
          "loc": {
            "start": { "line": 54, "column": 12 },
            "end": { "line": 54, "column": 19 }
          }
        },
        "32": {
          "name": "(anonymous_57)",
          "decl": {
            "start": { "line": 57, "column": 2 },
            "end": { "line": 57, "column": 10 }
          },
          "loc": {
            "start": { "line": 57, "column": 2 },
            "end": { "line": 57, "column": 10 }
          }
        },
        "33": {
          "name": "(anonymous_59)",
          "decl": {
            "start": { "line": 57, "column": 10 },
            "end": { "line": 57, "column": 17 }
          },
          "loc": {
            "start": { "line": 57, "column": 10 },
            "end": { "line": 57, "column": 17 }
          }
        },
        "34": {
          "name": "(anonymous_60)",
          "decl": {
            "start": { "line": 60, "column": 2 },
            "end": { "line": 60, "column": 8 }
          },
          "loc": {
            "start": { "line": 60, "column": 2 },
            "end": { "line": 60, "column": 8 }
          }
        },
        "35": {
          "name": "(anonymous_62)",
          "decl": {
            "start": { "line": 60, "column": 8 },
            "end": { "line": 60, "column": 15 }
          },
          "loc": {
            "start": { "line": 60, "column": 8 },
            "end": { "line": 60, "column": 15 }
          }
        },
        "36": {
          "name": "(anonymous_63)",
          "decl": {
            "start": { "line": 63, "column": 2 },
            "end": { "line": 63, "column": 8 }
          },
          "loc": {
            "start": { "line": 63, "column": 2 },
            "end": { "line": 63, "column": 8 }
          }
        },
        "37": {
          "name": "(anonymous_65)",
          "decl": {
            "start": { "line": 63, "column": 8 },
            "end": { "line": 63, "column": 17 }
          },
          "loc": {
            "start": { "line": 63, "column": 8 },
            "end": { "line": 63, "column": 17 }
          }
        },
        "38": {
          "name": "(anonymous_66)",
          "decl": {
            "start": { "line": 66, "column": 2 },
            "end": { "line": 66, "column": 9 }
          },
          "loc": {
            "start": { "line": 66, "column": 2 },
            "end": { "line": 66, "column": 9 }
          }
        },
        "39": {
          "name": "(anonymous_68)",
          "decl": {
            "start": { "line": 66, "column": 9 },
            "end": { "line": 66, "column": 36 }
          },
          "loc": {
            "start": { "line": 66, "column": 9 },
            "end": { "line": 66, "column": 36 }
          }
        },
        "40": {
          "name": "(anonymous_69)",
          "decl": {
            "start": { "line": 69, "column": 2 },
            "end": { "line": 69, "column": 11 }
          },
          "loc": {
            "start": { "line": 69, "column": 2 },
            "end": { "line": 69, "column": 11 }
          }
        },
        "41": {
          "name": "(anonymous_71)",
          "decl": {
            "start": { "line": 69, "column": 11 },
            "end": { "line": 69, "column": 21 }
          },
          "loc": {
            "start": { "line": 69, "column": 11 },
            "end": { "line": 69, "column": 21 }
          }
        },
        "42": {
          "name": "(anonymous_72)",
          "decl": {
            "start": { "line": 72, "column": 2 },
            "end": { "line": 72, "column": 11 }
          },
          "loc": {
            "start": { "line": 72, "column": 2 },
            "end": { "line": 72, "column": 11 }
          }
        },
        "43": {
          "name": "(anonymous_74)",
          "decl": {
            "start": { "line": 72, "column": 11 },
            "end": { "line": 72, "column": 18 }
          },
          "loc": {
            "start": { "line": 72, "column": 11 },
            "end": { "line": 72, "column": 18 }
          }
        },
        "44": {
          "name": "(anonymous_75)",
          "decl": {
            "start": { "line": 75, "column": 2 },
            "end": { "line": 75, "column": 11 }
          },
          "loc": {
            "start": { "line": 75, "column": 2 },
            "end": { "line": 75, "column": 11 }
          }
        },
        "45": {
          "name": "(anonymous_77)",
          "decl": {
            "start": { "line": 75, "column": 11 },
            "end": { "line": 75, "column": 18 }
          },
          "loc": {
            "start": { "line": 75, "column": 11 },
            "end": { "line": 75, "column": 18 }
          }
        }
      },
      "branchMap": {},
      "s": {
        "0": 0,
        "1": 0,
        "2": 0,
        "3": 0,
        "4": 0,
        "5": 0,
        "6": 0,
        "7": 0,
        "8": 0,
        "9": 0,
        "10": 0,
        "11": 0,
        "12": 0,
        "13": 0,
        "14": 0,
        "15": 0,
        "16": 0,
        "17": 0,
        "18": 0,
        "19": 0,
        "20": 0,
        "21": 0,
        "22": 0,
        "23": 0,
        "24": 0,
        "25": 0,
        "26": 0,
        "27": 0,
        "28": 0,
        "29": 0,
        "30": 0,
        "31": 0,
        "32": 0,
        "33": 0,
        "34": 0,
        "35": 0,
        "36": 0,
        "37": 0,
        "38": 0,
        "39": 0,
        "40": 0,
        "41": 0,
        "42": 0,
        "43": 0,
        "44": 0,
        "45": 0,
        "46": 0,
        "47": 0,
        "48": 0,
        "49": 0,
        "50": 0,
        "51": 0,
        "52": 0,
        "53": 0,
        "54": 0,
        "55": 0,
        "56": 0,
        "57": 0,
        "58": 0,
        "59": 0,
        "60": 0,
        "61": 0,
        "62": 0,
        "63": 0,
        "64": 0,
        "65": 0,
        "66": 0,
        "67": 0,
        "68": 0,
        "69": 0,
        "70": 0,
        "71": 0,
        "72": 0,
        "73": 0,
        "74": 0,
        "75": 0,
        "76": 0,
        "77": 0,
        "78": 0,
        "79": 0,
        "80": 0,
        "81": 0,
        "82": 0,
        "83": 0,
        "84": 0,
        "85": 0,
        "86": 0,
        "87": 0,
        "88": 0,
        "89": 0,
        "90": 0,
        "91": 0
      },
      "f": {
        "0": 0,
        "1": 0,
        "2": 0,
        "3": 0,
        "4": 0,
        "5": 0,
        "6": 0,
        "7": 0,
        "8": 0,
        "9": 0,
        "10": 0,
        "11": 0,
        "12": 0,
        "13": 0,
        "14": 0,
        "15": 0,
        "16": 0,
        "17": 0,
        "18": 0,
        "19": 0,
        "20": 0,
        "21": 0,
        "22": 0,
        "23": 0,
        "24": 0,
        "25": 0,
        "26": 0,
        "27": 0,
        "28": 0,
        "29": 0,
        "30": 0,
        "31": 0,
        "32": 0,
        "33": 0,
        "34": 0,
        "35": 0,
        "36": 0,
        "37": 0,
        "38": 0,
        "39": 0,
        "40": 0,
        "41": 0,
        "42": 0,
        "43": 0,
        "44": 0,
        "45": 0
      },
      "b": {}
    }
  }
}
