src/__tests__/e2e/gdpr-compliance.e2e.test.ts(56,21): error TS1003: Identifier expected.
src/__tests__/e2e/gdpr-compliance.e2e.test.ts(72,21): error TS1003: Identifier expected.
src/__tests__/e2e/gdpr-compliance.e2e.test.ts(88,21): error TS1003: Identifier expected.
src/__tests__/e2e/gdpr-compliance.e2e.test.ts(118,21): error TS1003: Identifier expected.
src/__tests__/e2e/gdpr-compliance.e2e.test.ts(121,21): error TS1003: Identifier expected.
src/__tests__/e2e/gdpr-compliance.e2e.test.ts(143,21): error TS1003: Identifier expected.
src/__tests__/e2e/gdpr-compliance.e2e.test.ts(146,21): error TS1003: Identifier expected.
src/__tests__/e2e/gdpr-compliance.e2e.test.ts(163,21): error TS1003: Identifier expected.
src/__tests__/e2e/gdpr-compliance.e2e.test.ts(164,21): error TS1003: Identifier expected.
src/__tests__/e2e/gdpr-compliance.e2e.test.ts(176,21): error TS1003: Identifier expected.
src/__tests__/e2e/gdpr-compliance.e2e.test.ts(191,21): error TS1003: Identifier expected.
src/__tests__/e2e/gdpr-compliance.e2e.test.ts(202,21): error TS1003: Identifier expected.
src/__tests__/e2e/gdpr-compliance.e2e.test.ts(203,21): error TS1003: Identifier expected.
src/__tests__/e2e/gdpr-compliance.e2e.test.ts(215,21): error TS1003: Identifier expected.
src/__tests__/e2e/gdpr-compliance.e2e.test.ts(242,21): error TS1003: Identifier expected.
src/__tests__/e2e/gdpr-compliance.e2e.test.ts(246,21): error TS1003: Identifier expected.
src/__tests__/integration/dashboard.test.ts(13,42): error TS1003: Identifier expected.
src/__tests__/integration/dashboard.test.ts(23,44): error TS1003: Identifier expected.
src/__tests__/integration/dashboard.test.ts(33,44): error TS1003: Identifier expected.
src/__tests__/integration/dashboard.test.ts(65,24): error TS1003: Identifier expected.
src/__tests__/integration/financial-integrity.test.ts(9,47): error TS1003: Identifier expected.
src/__tests__/integration/financial-integrity.test.ts(36,45): error TS1003: Identifier expected.
src/__tests__/integration/financial-integrity.test.ts(46,48): error TS1003: Identifier expected.
src/__tests__/integration/tenant-isolation-enforcement.test.ts(76,32): error TS1003: Identifier expected.
src/__tests__/integration/tenant-isolation-enforcement.test.ts(86,32): error TS1003: Identifier expected.
src/__tests__/integration/tenant-isolation-enforcement.test.ts(160,38): error TS1003: Identifier expected.
src/__tests__/integration/tenant-isolation-enforcement.test.ts(171,38): error TS1003: Identifier expected.
src/__tests__/integration/tenant-isolation-enforcement.test.ts(183,46): error TS1003: Identifier expected.
src/__tests__/integration/tenant-isolation-enforcement.test.ts(195,46): error TS1003: Identifier expected.
src/__tests__/integration/tenant-isolation-enforcement.test.ts(222,33): error TS1003: Identifier expected.
src/__tests__/integration/tenant-isolation-enforcement.test.ts(225,29): error TS1003: Identifier expected.
src/__tests__/integration/tenant-isolation-enforcement.test.ts(240,26): error TS1003: Identifier expected.
src/__tests__/integration/tenant-isolation-enforcement.test.ts(288,25): error TS1003: Identifier expected.
src/__tests__/integration/tenant-isolation-enforcement.test.ts(303,25): error TS1003: Identifier expected.
src/__tests__/integration/tenant-isolation-enforcement.test.ts(347,25): error TS1003: Identifier expected.
src/__tests__/integration/tenant-isolation-enforcement.test.ts(415,44): error TS1003: Identifier expected.
src/__tests__/integration/tenant-isolation.test.ts(19,40): error TS1003: Identifier expected.
src/__tests__/isolation/tenant-isolation-comprehensive.test.ts(516,53): error TS1003: Identifier expected.
src/__tests__/isolation/tenant-isolation-comprehensive.test.ts(535,26): error TS1003: Identifier expected.
src/__tests__/isolation/tenant-isolation-comprehensive.test.ts(553,35): error TS1003: Identifier expected.
src/__tests__/isolation/tenant-isolation-comprehensive.test.ts(590,26): error TS1003: Identifier expected.
src/__tests__/unit/transaction.service.test.ts(195,28): error TS1003: Identifier expected.
src/__tests__/unit/transaction.service.test.ts(200,34): error TS1003: Identifier expected.
src/__tests__/unit/transaction.service.test.ts(212,28): error TS1003: Identifier expected.
